2018/03/19 10:11:06 INFO  - jmeter.util.JMeterUtils: Setting Locale to es_ES 
2018/03/19 10:11:06 WARN  - jmeter.util.JMeterUtils: Could not find resources for 'es_ES', using 'es' 
2018/03/19 10:11:06 INFO  - jmeter.JMeter: Loading user properties from: /home/alumnos/e340177/si2/p2/apache-jmeter-4.0/bin/user.properties 
2018/03/19 10:11:06 INFO  - jmeter.JMeter: Loading system properties from: /home/alumnos/e340177/si2/p2/apache-jmeter-4.0/bin/system.properties 
2018/03/19 10:11:06 INFO  - jmeter.JMeter: Copyright (c) 1998-2011 The Apache Software Foundation 
2018/03/19 10:11:06 INFO  - jmeter.JMeter: Version 2.5.1 r1177103 
2018/03/19 10:11:06 INFO  - jmeter.JMeter: java.version=1.8.0_131 
2018/03/19 10:11:06 INFO  - jmeter.JMeter: java.vm.name=Java HotSpot(TM) 64-Bit Server VM 
2018/03/19 10:11:06 INFO  - jmeter.JMeter: os.name=Linux 
2018/03/19 10:11:06 INFO  - jmeter.JMeter: os.arch=amd64 
2018/03/19 10:11:06 INFO  - jmeter.JMeter: os.version=3.13.0-24-generic 
2018/03/19 10:11:06 INFO  - jmeter.JMeter: file.encoding=UTF-8 
2018/03/19 10:11:06 INFO  - jmeter.JMeter: Default Locale=espa単ol (Espa単a) 
2018/03/19 10:11:06 INFO  - jmeter.JMeter: JMeter  Locale=espa単ol (Espa単a) 
2018/03/19 10:11:06 INFO  - jmeter.JMeter: JMeterHome=/opt/jakarta-jmeter-2.5.1 
2018/03/19 10:11:06 INFO  - jmeter.JMeter: user.dir  =/home/alumnos/e340177/si2/p2/apache-jmeter-4.0/bin 
2018/03/19 10:11:06 INFO  - jmeter.JMeter: PWD       =/home/alumnos/e340177/si2/p2/apache-jmeter-4.0/bin 
2018/03/19 10:11:06 INFO  - jmeter.JMeter: IP: 127.0.0.1 Name: localhost FullName: localhost 
2018/03/19 10:11:06 INFO  - jmeter.JMeter: Loaded icon properties from org/apache/jmeter/images/icon.properties 
2018/03/19 10:11:06 INFO  - jmeter.engine.util.CompoundVariable: Note: Function class names must contain the string: '.functions.' 
2018/03/19 10:11:06 INFO  - jmeter.engine.util.CompoundVariable: Note: Function class names must not contain the string: '.gui.' 
2018/03/19 10:11:06 INFO  - jmeter.util.BSFTestElement: Registering JMeter version of JavaScript engine as work-round for BSF-22 
2018/03/19 10:11:07 INFO  - jmeter.protocol.http.sampler.HTTPSamplerBase: Cannot find .className property for htmlParser, using default 
2018/03/19 10:11:07 INFO  - jmeter.protocol.http.sampler.HTTPSamplerBase: Parser for text/html is  
2018/03/19 10:11:07 INFO  - jmeter.protocol.http.sampler.HTTPSamplerBase: Parser for application/xhtml+xml is  
2018/03/19 10:11:07 INFO  - jmeter.protocol.http.sampler.HTTPSamplerBase: Parser for application/xml is  
2018/03/19 10:11:07 INFO  - jmeter.protocol.http.sampler.HTTPSamplerBase: Parser for text/xml is  
2018/03/19 10:11:07 INFO  - jmeter.protocol.http.sampler.HTTPSamplerBase: Parser for text/vnd.wap.wml is org.apache.jmeter.protocol.http.parser.RegexpHTMLParser 
2018/03/19 10:11:07 INFO  - jmeter.protocol.http.sampler.HTTPSamplerBase: Reuse SSL session context on subsequent iterations: true 
2018/03/19 10:11:07 INFO  - jmeter.protocol.http.control.CookieManager: Settings: Delete null: true Check: true Allow variable: true Save: false Prefix: COOKIE_ 
2018/03/19 10:11:07 INFO  - jmeter.samplers.SampleResult: Note: Sample TimeStamps are START times 
2018/03/19 10:11:07 INFO  - jmeter.samplers.SampleResult: sampleresult.default.encoding is set to ISO-8859-1 
2018/03/19 10:11:07 INFO  - jmeter.samplers.SampleResult: sampleresult.useNanoTime=true 
2018/03/19 10:11:17 INFO  - jmeter.services.FileServer: Default base='/home/alumnos/e340177/si2/p2/apache-jmeter-4.0/bin' 
2018/03/19 10:11:17 INFO  - jmeter.gui.action.Load: Loading file: /home/alumnos/e340177/si2/p2/P1-base.jmx 
2018/03/19 10:11:17 INFO  - jmeter.services.FileServer: Set new base '/home/alumnos/e340177/si2/p2' 
2018/03/19 10:11:17 INFO  - jmeter.save.SaveService: Testplan (JMX) version: 2.2. Testlog (JTL) version: 2.2 
2018/03/19 10:11:17 INFO  - jmeter.save.SaveService: Using SaveService properties file encoding UTF-8 
2018/03/19 10:11:17 INFO  - jmeter.save.SaveService: Using SaveService properties file version 1050447 
2018/03/19 10:11:17 INFO  - jmeter.save.SaveService: Using SaveService properties version 2.1 
2018/03/19 10:11:17 INFO  - jmeter.save.SaveService: All converter versions present and correct 
2018/03/19 10:11:17 INFO  - jmeter.services.FileServer: Set new base='/home/alumnos/e340177/si2/p2' 
2018/03/19 10:13:07 INFO  - jmeter.services.FileServer: Set new base='/home/alumnos/e340177/si2/p2' 
