2018-04-25 12:50:15,839 INFO o.a.j.u.JMeterUtils: Setting Locale to es_ES
2018-04-25 12:50:15,848 INFO o.a.j.u.JMeterUtils: Could not find resources for 'es_ES', using 'es'
2018-04-25 12:50:15,848 INFO o.a.j.JMeter: Loading user properties from: /home/alumnos/e336869/Desktop/si2/p3/apache-jmeter-4.0/bin/user.properties
2018-04-25 12:50:15,848 INFO o.a.j.JMeter: Loading system properties from: /home/alumnos/e336869/Desktop/si2/p3/apache-jmeter-4.0/bin/system.properties
2018-04-25 12:50:15,851 INFO o.a.j.JMeter: Copyright (c) 1998-2018 The Apache Software Foundation
2018-04-25 12:50:15,851 INFO o.a.j.JMeter: Version 4.0 r1823414
2018-04-25 12:50:15,851 INFO o.a.j.JMeter: java.version=1.8.0_131
2018-04-25 12:50:15,851 INFO o.a.j.JMeter: java.vm.name=Java HotSpot(TM) 64-Bit Server VM
2018-04-25 12:50:15,851 INFO o.a.j.JMeter: os.name=Linux
2018-04-25 12:50:15,851 INFO o.a.j.JMeter: os.arch=amd64
2018-04-25 12:50:15,852 INFO o.a.j.JMeter: os.version=3.13.0-24-generic
2018-04-25 12:50:15,852 INFO o.a.j.JMeter: file.encoding=UTF-8
2018-04-25 12:50:15,852 INFO o.a.j.JMeter: Max memory     =3605528576
2018-04-25 12:50:15,852 INFO o.a.j.JMeter: Available Processors =8
2018-04-25 12:50:15,856 INFO o.a.j.JMeter: Default Locale=espa単ol (Espa単a)
2018-04-25 12:50:15,856 INFO o.a.j.JMeter: JMeter  Locale=espa単ol (Espa単a)
2018-04-25 12:50:15,856 INFO o.a.j.JMeter: JMeterHome=/home/alumnos/e336869/Desktop/si2/p3/apache-jmeter-4.0
2018-04-25 12:50:15,856 INFO o.a.j.JMeter: user.dir  =/home/alumnos/e336869/Desktop/si2/p3/P3
2018-04-25 12:50:15,856 INFO o.a.j.JMeter: PWD       =/home/alumnos/e336869/Desktop/si2/p3/P3
2018-04-25 12:50:15,857 INFO o.a.j.JMeter: IP: 127.0.0.1 Name: localhost FullName: localhost
2018-04-25 12:50:16,028 INFO o.a.j.g.a.LookAndFeelCommand: Installing Darcula LAF
2018-04-25 12:50:16,045 INFO o.a.j.g.a.LookAndFeelCommand: Using look and feel: com.bulenkov.darcula.DarculaLaf [Darcula]
2018-04-25 12:50:16,045 INFO o.a.j.JMeter: Setting LAF to: com.bulenkov.darcula.DarculaLaf
2018-04-25 12:50:16,082 INFO o.a.j.JMeter: Loaded icon properties from org/apache/jmeter/images/icon.properties
2018-04-25 12:50:16,367 INFO o.a.j.e.u.CompoundVariable: Note: Function class names must contain the string: '.functions.'
2018-04-25 12:50:16,367 INFO o.a.j.e.u.CompoundVariable: Note: Function class names must not contain the string: '.gui.'
2018-04-25 12:50:17,277 INFO o.a.j.p.h.s.HTTPSamplerBase: Parser for text/html is org.apache.jmeter.protocol.http.parser.LagartoBasedHtmlParser
2018-04-25 12:50:17,277 INFO o.a.j.p.h.s.HTTPSamplerBase: Parser for application/xhtml+xml is org.apache.jmeter.protocol.http.parser.LagartoBasedHtmlParser
2018-04-25 12:50:17,277 INFO o.a.j.p.h.s.HTTPSamplerBase: Parser for application/xml is org.apache.jmeter.protocol.http.parser.LagartoBasedHtmlParser
2018-04-25 12:50:17,277 INFO o.a.j.p.h.s.HTTPSamplerBase: Parser for text/xml is org.apache.jmeter.protocol.http.parser.LagartoBasedHtmlParser
2018-04-25 12:50:17,277 INFO o.a.j.p.h.s.HTTPSamplerBase: Parser for text/vnd.wap.wml is org.apache.jmeter.protocol.http.parser.RegexpHTMLParser
2018-04-25 12:50:17,278 INFO o.a.j.p.h.s.HTTPSamplerBase: Parser for text/css is org.apache.jmeter.protocol.http.parser.CssParser
2018-04-25 12:50:17,441 INFO o.a.j.e.KeyToolUtils: keytool found at 'keytool'
2018-04-25 12:50:17,442 INFO o.a.j.p.h.p.ProxyControl: HTTP(S) Test Script Recorder SSL Proxy will use keys that support embedded 3rd party resources in file /home/alumnos/e336869/Desktop/si2/p3/apache-jmeter-4.0/bin/proxyserver.jks
2018-04-25 12:50:17,505 INFO o.a.j.s.FileServer: Default base='/home/alumnos/e336869/Desktop/si2/p3/P3'
2018-04-25 12:50:17,668 INFO o.a.j.s.SampleResult: Note: Sample TimeStamps are START times
2018-04-25 12:50:17,668 INFO o.a.j.s.SampleResult: sampleresult.default.encoding is set to ISO-8859-1
2018-04-25 12:50:17,668 INFO o.a.j.s.SampleResult: sampleresult.useNanoTime=true
2018-04-25 12:50:17,668 INFO o.a.j.s.SampleResult: sampleresult.nanoThreadSleep=5000
2018-04-25 12:50:32,331 INFO o.a.j.g.a.Load: Loading file: /home/alumnos/e336869/Desktop/si2/p3/P3.jmx
2018-04-25 12:50:32,332 INFO o.a.j.s.FileServer: Set new base='/home/alumnos/e336869/Desktop/si2/p3'
2018-04-25 12:50:32,411 INFO o.a.j.s.SaveService: Testplan (JMX) version: 2.2. Testlog (JTL) version: 2.2
2018-04-25 12:50:32,419 INFO o.a.j.s.SaveService: Using SaveService properties file encoding UTF-8
2018-04-25 12:50:32,420 INFO o.a.j.s.SaveService: Using SaveService properties version 4.0
2018-04-25 12:50:32,422 INFO o.a.j.s.SaveService: Loading file: /home/alumnos/e336869/Desktop/si2/p3/P3.jmx
2018-04-25 12:50:32,530 INFO o.a.j.s.FileServer: Set new base='/home/alumnos/e336869/Desktop/si2/p3'
2018-04-25 12:50:35,580 INFO o.a.j.e.StandardJMeterEngine: Running the test!
2018-04-25 12:50:35,580 INFO o.a.j.s.SampleEvent: List of sample_variables: []
2018-04-25 12:50:35,580 INFO o.a.j.s.SampleEvent: List of sample_variables: []
2018-04-25 12:50:35,584 INFO o.a.j.g.u.JMeterMenuBar: setRunning(true, *local*)
2018-04-25 12:50:35,697 INFO o.a.j.e.StandardJMeterEngine: Starting ThreadGroup: 1 : P3
2018-04-25 12:50:35,697 INFO o.a.j.e.StandardJMeterEngine: Starting 1 threads for group P3.
2018-04-25 12:50:35,697 INFO o.a.j.e.StandardJMeterEngine: Thread will continue on error
2018-04-25 12:50:35,697 INFO o.a.j.t.ThreadGroup: Starting thread group... number=1 threads=1 ramp-up=5 perThread=5000.0 delayedStart=false
2018-04-25 12:50:35,699 INFO o.a.j.t.ThreadGroup: Started thread group number 1
2018-04-25 12:50:35,699 INFO o.a.j.e.StandardJMeterEngine: All thread groups have been started
2018-04-25 12:50:35,703 INFO o.a.j.t.JMeterThread: Thread started: P3 1-1
2018-04-25 12:50:35,705 INFO o.a.j.s.FileServer: Stored: datagen/listado.csv
2018-04-25 12:50:35,712 INFO o.a.j.p.h.s.HTTPJavaImpl: Maximum connection retries = 0
2018-04-25 12:50:45,168 INFO o.a.j.t.JMeterThread: Thread is done: P3 1-1
2018-04-25 12:50:45,168 INFO o.a.j.t.JMeterThread: Thread finished: P3 1-1
2018-04-25 12:50:45,168 INFO o.a.j.e.StandardJMeterEngine: Notifying test listeners of end of test
2018-04-25 12:50:45,168 INFO o.a.j.s.FileServer: Close: datagen/listado.csv
2018-04-25 12:50:45,169 INFO o.a.j.g.u.JMeterMenuBar: setRunning(false, *local*)
